<?xml version="1.0" encoding="UTF-8"?>
<!-- Generated by org.testng.reporters.JUnitReportReporter -->
<testsuite hostname="LAPTOP-8RF80FPU" failures="0" tests="1" name="movieToday.movieTest" time="4.545" errors="0" timestamp="2022-02-17T19:53:58 SGT" skipped="0">
  <testcase classname="movieToday.movieTest" name="f" time="4.545"/>
</testsuite> <!-- movieToday.movieTest -->
