<?xml version="1.0" encoding="UTF-8"?>
<!-- Generated by org.testng.reporters.JUnitReportReporter -->
<testsuite hostname="LAPTOP-G4B5K5AK" failures="0" tests="3" name="movieToday.FavouriteTest" time="6.851" errors="0" timestamp="2022-02-20T11:30:50 SGT" skipped="0">
  <testcase classname="movieToday.FavouriteTest" name="clickLogin" time="2.510"/>
  <testcase classname="movieToday.FavouriteTest" name="AddToFav" time="4.256"/>
  <testcase classname="movieToday.FavouriteTest" name="DeleteFav" time="0.085"/>
</testsuite> <!-- movieToday.FavouriteTest -->
