<?xml version="1.0" encoding="UTF-8"?>
<!-- Generated by org.testng.reporters.JUnitReportReporter -->
<testsuite hostname="DESKTOP-LUON3SM" failures="0" tests="4" name="movieToday.ReviewTest" time="20.502" errors="0" timestamp="2022-02-19T09:56:53 SGT" skipped="0">
  <testcase classname="movieToday.ReviewTest" name="aLogin" time="5.636"/>
  <testcase classname="movieToday.ReviewTest" name="bCreateReview" time="6.413"/>
  <testcase classname="movieToday.ReviewTest" name="dDeleteReview" time="2.103"/>
  <testcase classname="movieToday.ReviewTest" name="cEditReview" time="6.350"/>
</testsuite> <!-- movieToday.ReviewTest -->
